{"F:\\Course Relevel\\CRM Application\\controllers\\ticket.controller.js": {"path":"F:\\Course Relevel\\CRM Application\\controllers\\ticket.controller.js","statementMap":{"0":{"start":{"line":1,"column":13},"end":{"line":1,"column":44}},"1":{"start":{"line":2,"column":15},"end":{"line":2,"column":48}},"2":{"start":{"line":3,"column":18},"end":{"line":3,"column":47}},"3":{"start":{"line":4,"column":24},"end":{"line":4,"column":59}},"4":{"start":{"line":5,"column":18},"end":{"line":5,"column":66}},"5":{"start":{"line":11,"column":0},"end":{"line":62,"column":2}},"6":{"start":{"line":13,"column":25},"end":{"line":19,"column":5}},"7":{"start":{"line":25,"column":21},"end":{"line":28,"column":6}},"8":{"start":{"line":31,"column":4},"end":{"line":31,"column":44}},"9":{"start":{"line":33,"column":4},"end":{"line":61,"column":5}},"10":{"start":{"line":34,"column":23},"end":{"line":34,"column":56}},"11":{"start":{"line":36,"column":8},"end":{"line":55,"column":9}},"12":{"start":{"line":38,"column":25},"end":{"line":40,"column":14}},"13":{"start":{"line":42,"column":12},"end":{"line":42,"column":49}},"14":{"start":{"line":43,"column":12},"end":{"line":43,"column":30}},"15":{"start":{"line":45,"column":12},"end":{"line":45,"column":54}},"16":{"start":{"line":46,"column":12},"end":{"line":46,"column":34}},"17":{"start":{"line":52,"column":12},"end":{"line":52,"column":147}},"18":{"start":{"line":54,"column":12},"end":{"line":54,"column":73}},"19":{"start":{"line":57,"column":8},"end":{"line":57,"column":82}},"20":{"start":{"line":58,"column":8},"end":{"line":60,"column":10}},"21":{"start":{"line":75,"column":0},"end":{"line":127,"column":1}},"22":{"start":{"line":78,"column":4},"end":{"line":92,"column":5}},"23":{"start":{"line":79,"column":8},"end":{"line":79,"column":60}},"24":{"start":{"line":80,"column":8},"end":{"line":85,"column":9}},"25":{"start":{"line":81,"column":12},"end":{"line":83,"column":14}},"26":{"start":{"line":84,"column":12},"end":{"line":84,"column":19}},"27":{"start":{"line":87,"column":8},"end":{"line":87,"column":84}},"28":{"start":{"line":88,"column":8},"end":{"line":90,"column":10}},"29":{"start":{"line":91,"column":8},"end":{"line":91,"column":15}},"30":{"start":{"line":93,"column":22},"end":{"line":95,"column":6}},"31":{"start":{"line":96,"column":4},"end":{"line":96,"column":23}},"32":{"start":{"line":97,"column":4},"end":{"line":126,"column":5}},"33":{"start":{"line":100,"column":8},"end":{"line":103,"column":86}},"34":{"start":{"line":104,"column":8},"end":{"line":104,"column":94}},"35":{"start":{"line":105,"column":28},"end":{"line":105,"column":47}},"36":{"start":{"line":107,"column":25},"end":{"line":111,"column":10}},"37":{"start":{"line":113,"column":25},"end":{"line":115,"column":10}},"38":{"start":{"line":117,"column":8},"end":{"line":118,"column":86}},"39":{"start":{"line":120,"column":8},"end":{"line":120,"column":76}},"40":{"start":{"line":122,"column":8},"end":{"line":122,"column":90}},"41":{"start":{"line":123,"column":8},"end":{"line":125,"column":10}},"42":{"start":{"line":129,"column":0},"end":{"line":159,"column":1}},"43":{"start":{"line":138,"column":21},"end":{"line":138,"column":23}},"44":{"start":{"line":140,"column":4},"end":{"line":142,"column":5}},"45":{"start":{"line":141,"column":8},"end":{"line":141,"column":43}},"46":{"start":{"line":144,"column":23},"end":{"line":146,"column":6}},"47":{"start":{"line":148,"column":4},"end":{"line":154,"column":5}},"48":{"start":{"line":150,"column":10},"end":{"line":154,"column":5}},"49":{"start":{"line":151,"column":8},"end":{"line":151,"column":38}},"50":{"start":{"line":153,"column":8},"end":{"line":153,"column":38}},"51":{"start":{"line":156,"column":20},"end":{"line":156,"column":47}},"52":{"start":{"line":158,"column":4},"end":{"line":158,"column":70}},"53":{"start":{"line":161,"column":0},"end":{"line":168,"column":1}},"54":{"start":{"line":163,"column":19},"end":{"line":165,"column":6}},"55":{"start":{"line":167,"column":4},"end":{"line":167,"column":64}}},"fnMap":{"0":{"name":"(anonymous_0)","decl":{"start":{"line":11,"column":23},"end":{"line":11,"column":24}},"loc":{"start":{"line":11,"column":42},"end":{"line":62,"column":1}},"line":11},"1":{"name":"(anonymous_1)","decl":{"start":{"line":75,"column":23},"end":{"line":75,"column":24}},"loc":{"start":{"line":75,"column":42},"end":{"line":127,"column":1}},"line":75},"2":{"name":"(anonymous_2)","decl":{"start":{"line":129,"column":24},"end":{"line":129,"column":25}},"loc":{"start":{"line":129,"column":43},"end":{"line":159,"column":1}},"line":129},"3":{"name":"(anonymous_3)","decl":{"start":{"line":161,"column":23},"end":{"line":161,"column":24}},"loc":{"start":{"line":161,"column":42},"end":{"line":168,"column":1}},"line":161}},"branchMap":{"0":{"loc":{"start":{"line":36,"column":8},"end":{"line":55,"column":9}},"type":"if","locations":[{"start":{"line":36,"column":8},"end":{"line":55,"column":9}},{"start":{},"end":{}}],"line":36},"1":{"loc":{"start":{"line":80,"column":8},"end":{"line":85,"column":9}},"type":"if","locations":[{"start":{"line":80,"column":8},"end":{"line":85,"column":9}},{"start":{},"end":{}}],"line":80},"2":{"loc":{"start":{"line":97,"column":4},"end":{"line":126,"column":5}},"type":"if","locations":[{"start":{"line":97,"column":4},"end":{"line":126,"column":5}},{"start":{"line":121,"column":9},"end":{"line":126,"column":5}}],"line":97},"3":{"loc":{"start":{"line":97,"column":7},"end":{"line":97,"column":120}},"type":"binary-expr","locations":[{"start":{"line":97,"column":7},"end":{"line":97,"column":36}},{"start":{"line":97,"column":40},"end":{"line":97,"column":69}},{"start":{"line":97,"column":73},"end":{"line":97,"column":120}}],"line":97},"4":{"loc":{"start":{"line":100,"column":23},"end":{"line":100,"column":82}},"type":"cond-expr","locations":[{"start":{"line":100,"column":54},"end":{"line":100,"column":68}},{"start":{"line":100,"column":70},"end":{"line":100,"column":82}}],"line":100},"5":{"loc":{"start":{"line":101,"column":29},"end":{"line":101,"column":106}},"type":"cond-expr","locations":[{"start":{"line":101,"column":66},"end":{"line":101,"column":86}},{"start":{"line":101,"column":88},"end":{"line":101,"column":106}}],"line":101},"6":{"loc":{"start":{"line":102,"column":32},"end":{"line":102,"column":118}},"type":"cond-expr","locations":[{"start":{"line":102,"column":72},"end":{"line":102,"column":95}},{"start":{"line":102,"column":97},"end":{"line":102,"column":118}}],"line":102},"7":{"loc":{"start":{"line":103,"column":24},"end":{"line":103,"column":86}},"type":"cond-expr","locations":[{"start":{"line":103,"column":56},"end":{"line":103,"column":71}},{"start":{"line":103,"column":73},"end":{"line":103,"column":86}}],"line":103},"8":{"loc":{"start":{"line":104,"column":26},"end":{"line":104,"column":94}},"type":"cond-expr","locations":[{"start":{"line":104,"column":59},"end":{"line":104,"column":76}},{"start":{"line":104,"column":79},"end":{"line":104,"column":94}}],"line":104},"9":{"loc":{"start":{"line":140,"column":4},"end":{"line":142,"column":5}},"type":"if","locations":[{"start":{"line":140,"column":4},"end":{"line":142,"column":5}},{"start":{},"end":{}}],"line":140},"10":{"loc":{"start":{"line":148,"column":4},"end":{"line":154,"column":5}},"type":"if","locations":[{"start":{"line":148,"column":4},"end":{"line":154,"column":5}},{"start":{"line":150,"column":10},"end":{"line":154,"column":5}}],"line":148},"11":{"loc":{"start":{"line":150,"column":10},"end":{"line":154,"column":5}},"type":"if","locations":[{"start":{"line":150,"column":10},"end":{"line":154,"column":5}},{"start":{"line":152,"column":9},"end":{"line":154,"column":5}}],"line":150}},"s":{"0":1,"1":1,"2":1,"3":1,"4":1,"5":1,"6":1,"7":1,"8":1,"9":1,"10":1,"11":1,"12":1,"13":1,"14":1,"15":1,"16":1,"17":1,"18":1,"19":0,"20":0,"21":1,"22":0,"23":0,"24":0,"25":0,"26":0,"27":0,"28":0,"29":0,"30":0,"31":0,"32":0,"33":0,"34":0,"35":0,"36":0,"37":0,"38":0,"39":0,"40":0,"41":0,"42":1,"43":0,"44":0,"45":0,"46":0,"47":0,"48":0,"49":0,"50":0,"51":0,"52":0,"53":1,"54":0,"55":0},"f":{"0":1,"1":0,"2":0,"3":0},"b":{"0":[1,0],"1":[0,0],"2":[0,0],"3":[0,0,0],"4":[0,0],"5":[0,0],"6":[0,0],"7":[0,0],"8":[0,0],"9":[0,0],"10":[0,0],"11":[0,0]},"_coverageSchema":"1a1c01bbd47fc00a2c39e90264f33305004495a9","hash":"f22f4d62b17f4eda8b15d77cc64d22d97baac336"}
,"F:\\Course Relevel\\CRM Application\\controllers\\user.controller.js": {"path":"F:\\Course Relevel\\CRM Application\\controllers\\user.controller.js","statementMap":{"0":{"start":{"line":1,"column":13},"end":{"line":1,"column":44}},"1":{"start":{"line":2,"column":24},"end":{"line":2,"column":59}},"2":{"start":{"line":5,"column":0},"end":{"line":74,"column":1}},"3":{"start":{"line":6,"column":22},"end":{"line":6,"column":40}},"4":{"start":{"line":7,"column":24},"end":{"line":7,"column":44}},"5":{"start":{"line":8,"column":22},"end":{"line":8,"column":36}},"6":{"start":{"line":13,"column":4},"end":{"line":71,"column":5}},"7":{"start":{"line":14,"column":8},"end":{"line":23,"column":9}},"8":{"start":{"line":15,"column":12},"end":{"line":17,"column":15}},"9":{"start":{"line":19,"column":12},"end":{"line":19,"column":83}},"10":{"start":{"line":20,"column":12},"end":{"line":22,"column":14}},"11":{"start":{"line":24,"column":10},"end":{"line":71,"column":5}},"12":{"start":{"line":25,"column":8},"end":{"line":35,"column":9}},"13":{"start":{"line":26,"column":12},"end":{"line":29,"column":14}},"14":{"start":{"line":31,"column":12},"end":{"line":31,"column":120}},"15":{"start":{"line":32,"column":12},"end":{"line":34,"column":14}},"16":{"start":{"line":37,"column":10},"end":{"line":71,"column":5}},"17":{"start":{"line":38,"column":8},"end":{"line":47,"column":9}},"18":{"start":{"line":39,"column":12},"end":{"line":41,"column":14}},"19":{"start":{"line":43,"column":12},"end":{"line":43,"column":86}},"20":{"start":{"line":44,"column":12},"end":{"line":46,"column":14}},"21":{"start":{"line":49,"column":10},"end":{"line":71,"column":5}},"22":{"start":{"line":50,"column":8},"end":{"line":59,"column":9}},"23":{"start":{"line":51,"column":12},"end":{"line":53,"column":14}},"24":{"start":{"line":55,"column":12},"end":{"line":55,"column":91}},"25":{"start":{"line":56,"column":12},"end":{"line":58,"column":14}},"26":{"start":{"line":62,"column":8},"end":{"line":70,"column":9}},"27":{"start":{"line":63,"column":12},"end":{"line":63,"column":38}},"28":{"start":{"line":65,"column":12},"end":{"line":65,"column":58}},"29":{"start":{"line":66,"column":12},"end":{"line":68,"column":14}},"30":{"start":{"line":69,"column":12},"end":{"line":69,"column":19}},"31":{"start":{"line":73,"column":4},"end":{"line":73,"column":62}},"32":{"start":{"line":78,"column":0},"end":{"line":91,"column":1}},"33":{"start":{"line":79,"column":20},"end":{"line":79,"column":37}},"34":{"start":{"line":81,"column":17},"end":{"line":83,"column":6}},"35":{"start":{"line":84,"column":4},"end":{"line":90,"column":5}},"36":{"start":{"line":85,"column":8},"end":{"line":85,"column":65}},"37":{"start":{"line":87,"column":8},"end":{"line":89,"column":10}},"38":{"start":{"line":94,"column":0},"end":{"line":117,"column":1}},"39":{"start":{"line":96,"column":20},"end":{"line":96,"column":37}},"40":{"start":{"line":98,"column":4},"end":{"line":116,"column":5}},"41":{"start":{"line":99,"column":21},"end":{"line":105,"column":17}},"42":{"start":{"line":108,"column":8},"end":{"line":110,"column":10}},"43":{"start":{"line":112,"column":8},"end":{"line":112,"column":67}},"44":{"start":{"line":113,"column":8},"end":{"line":115,"column":10}}},"fnMap":{"0":{"name":"(anonymous_0)","decl":{"start":{"line":5,"column":18},"end":{"line":5,"column":19}},"loc":{"start":{"line":5,"column":34},"end":{"line":74,"column":1}},"line":5},"1":{"name":"(anonymous_1)","decl":{"start":{"line":78,"column":19},"end":{"line":78,"column":20}},"loc":{"start":{"line":78,"column":35},"end":{"line":91,"column":1}},"line":78},"2":{"name":"(anonymous_2)","decl":{"start":{"line":94,"column":17},"end":{"line":94,"column":18}},"loc":{"start":{"line":94,"column":33},"end":{"line":117,"column":1}},"line":94}},"branchMap":{"0":{"loc":{"start":{"line":13,"column":4},"end":{"line":71,"column":5}},"type":"if","locations":[{"start":{"line":13,"column":4},"end":{"line":71,"column":5}},{"start":{"line":24,"column":10},"end":{"line":71,"column":5}}],"line":13},"1":{"loc":{"start":{"line":24,"column":10},"end":{"line":71,"column":5}},"type":"if","locations":[{"start":{"line":24,"column":10},"end":{"line":71,"column":5}},{"start":{"line":37,"column":10},"end":{"line":71,"column":5}}],"line":24},"2":{"loc":{"start":{"line":24,"column":13},"end":{"line":24,"column":41}},"type":"binary-expr","locations":[{"start":{"line":24,"column":13},"end":{"line":24,"column":24}},{"start":{"line":24,"column":28},"end":{"line":24,"column":41}}],"line":24},"3":{"loc":{"start":{"line":37,"column":10},"end":{"line":71,"column":5}},"type":"if","locations":[{"start":{"line":37,"column":10},"end":{"line":71,"column":5}},{"start":{"line":49,"column":10},"end":{"line":71,"column":5}}],"line":37},"4":{"loc":{"start":{"line":49,"column":10},"end":{"line":71,"column":5}},"type":"if","locations":[{"start":{"line":49,"column":10},"end":{"line":71,"column":5}},{"start":{"line":61,"column":9},"end":{"line":71,"column":5}}],"line":49},"5":{"loc":{"start":{"line":84,"column":4},"end":{"line":90,"column":5}},"type":"if","locations":[{"start":{"line":84,"column":4},"end":{"line":90,"column":5}},{"start":{"line":86,"column":9},"end":{"line":90,"column":5}}],"line":84}},"s":{"0":1,"1":1,"2":1,"3":2,"4":2,"5":2,"6":2,"7":0,"8":0,"9":0,"10":0,"11":2,"12":0,"13":0,"14":0,"15":0,"16":2,"17":0,"18":0,"19":0,"20":0,"21":2,"22":0,"23":0,"24":0,"25":0,"26":2,"27":2,"28":1,"29":1,"30":1,"31":1,"32":1,"33":2,"34":2,"35":2,"36":1,"37":1,"38":1,"39":2,"40":2,"41":2,"42":1,"43":1,"44":1},"f":{"0":2,"1":2,"2":2},"b":{"0":[0,2],"1":[0,2],"2":[2,0],"3":[0,2],"4":[0,2],"5":[1,1]},"_coverageSchema":"1a1c01bbd47fc00a2c39e90264f33305004495a9","hash":"77c8ab23337cc9978aae9f4021fdba524108336a"}
,"F:\\Course Relevel\\CRM Application\\models\\ticket.model.js": {"path":"F:\\Course Relevel\\CRM Application\\models\\ticket.model.js","statementMap":{"0":{"start":{"line":1,"column":17},"end":{"line":1,"column":36}},"1":{"start":{"line":3,"column":21},"end":{"line":41,"column":2}},"2":{"start":{"line":32,"column":12},"end":{"line":32,"column":30}},"3":{"start":{"line":38,"column":12},"end":{"line":38,"column":29}},"4":{"start":{"line":44,"column":0},"end":{"line":44,"column":55}}},"fnMap":{"0":{"name":"(anonymous_0)","decl":{"start":{"line":31,"column":16},"end":{"line":31,"column":17}},"loc":{"start":{"line":31,"column":20},"end":{"line":33,"column":9}},"line":31},"1":{"name":"(anonymous_1)","decl":{"start":{"line":37,"column":16},"end":{"line":37,"column":17}},"loc":{"start":{"line":37,"column":20},"end":{"line":39,"column":9}},"line":37}},"branchMap":{},"s":{"0":1,"1":1,"2":1,"3":1,"4":1},"f":{"0":1,"1":1},"b":{},"_coverageSchema":"1a1c01bbd47fc00a2c39e90264f33305004495a9","hash":"d951a70e2553026dbc76a720f3020d9a47841e0f"}
,"F:\\Course Relevel\\CRM Application\\models\\user.model.js": {"path":"F:\\Course Relevel\\CRM Application\\models\\user.model.js","statementMap":{"0":{"start":{"line":1,"column":17},"end":{"line":1,"column":36}},"1":{"start":{"line":3,"column":19},"end":{"line":55,"column":2}},"2":{"start":{"line":28,"column":12},"end":{"line":28,"column":29}},"3":{"start":{"line":34,"column":12},"end":{"line":34,"column":29}},"4":{"start":{"line":58,"column":0},"end":{"line":58,"column":51}}},"fnMap":{"0":{"name":"(anonymous_0)","decl":{"start":{"line":27,"column":16},"end":{"line":27,"column":17}},"loc":{"start":{"line":27,"column":20},"end":{"line":29,"column":9}},"line":27},"1":{"name":"(anonymous_1)","decl":{"start":{"line":33,"column":16},"end":{"line":33,"column":17}},"loc":{"start":{"line":33,"column":20},"end":{"line":35,"column":9}},"line":33}},"branchMap":{},"s":{"0":2,"1":2,"2":0,"3":0,"4":2},"f":{"0":0,"1":0},"b":{},"_coverageSchema":"1a1c01bbd47fc00a2c39e90264f33305004495a9","hash":"a4867fc30d477b4c8bdcc28d08348afb3f35b4b2"}
,"F:\\Course Relevel\\CRM Application\\tests\\db.js": {"path":"F:\\Course Relevel\\CRM Application\\tests\\db.js","statementMap":{"0":{"start":{"line":1,"column":17},"end":{"line":1,"column":36}},"1":{"start":{"line":2,"column":27},"end":{"line":2,"column":59}},"2":{"start":{"line":8,"column":0},"end":{"line":18,"column":1}},"3":{"start":{"line":9,"column":4},"end":{"line":17,"column":5}},"4":{"start":{"line":10,"column":8},"end":{"line":10,"column":50}},"5":{"start":{"line":11,"column":20},"end":{"line":11,"column":35}},"6":{"start":{"line":12,"column":29},"end":{"line":15,"column":9}},"7":{"start":{"line":16,"column":8},"end":{"line":16,"column":43}},"8":{"start":{"line":20,"column":0},"end":{"line":26,"column":1}},"9":{"start":{"line":21,"column":4},"end":{"line":21,"column":45}},"10":{"start":{"line":22,"column":4},"end":{"line":22,"column":38}},"11":{"start":{"line":23,"column":4},"end":{"line":25,"column":5}},"12":{"start":{"line":24,"column":8},"end":{"line":24,"column":28}},"13":{"start":{"line":29,"column":0},"end":{"line":35,"column":1}},"14":{"start":{"line":30,"column":24},"end":{"line":30,"column":55}},"15":{"start":{"line":31,"column":4},"end":{"line":34,"column":5}},"16":{"start":{"line":32,"column":27},"end":{"line":32,"column":43}},"17":{"start":{"line":33,"column":8},"end":{"line":33,"column":32}}},"fnMap":{"0":{"name":"(anonymous_0)","decl":{"start":{"line":8,"column":25},"end":{"line":8,"column":26}},"loc":{"start":{"line":8,"column":34},"end":{"line":18,"column":1}},"line":8},"1":{"name":"(anonymous_1)","decl":{"start":{"line":20,"column":31},"end":{"line":20,"column":32}},"loc":{"start":{"line":20,"column":40},"end":{"line":26,"column":1}},"line":20},"2":{"name":"(anonymous_2)","decl":{"start":{"line":29,"column":31},"end":{"line":29,"column":32}},"loc":{"start":{"line":29,"column":40},"end":{"line":35,"column":1}},"line":29}},"branchMap":{"0":{"loc":{"start":{"line":9,"column":4},"end":{"line":17,"column":5}},"type":"if","locations":[{"start":{"line":9,"column":4},"end":{"line":17,"column":5}},{"start":{},"end":{}}],"line":9},"1":{"loc":{"start":{"line":23,"column":4},"end":{"line":25,"column":5}},"type":"if","locations":[{"start":{"line":23,"column":4},"end":{"line":25,"column":5}},{"start":{},"end":{}}],"line":23}},"s":{"0":1,"1":1,"2":1,"3":1,"4":1,"5":1,"6":1,"7":1,"8":1,"9":1,"10":1,"11":1,"12":1,"13":1,"14":1,"15":1,"16":2,"17":2},"f":{"0":1,"1":1,"2":1},"b":{"0":[1,0],"1":[1,0]},"_coverageSchema":"1a1c01bbd47fc00a2c39e90264f33305004495a9","hash":"7947b67f29f8d98346268028f5bc8ceb3d259c6a"}
,"F:\\Course Relevel\\CRM Application\\tests\\intercepter.js": {"path":"F:\\Course Relevel\\CRM Application\\tests\\intercepter.js","statementMap":{"0":{"start":{"line":7,"column":0},"end":{"line":20,"column":1}},"1":{"start":{"line":9,"column":19},"end":{"line":9,"column":21}},"2":{"start":{"line":10,"column":8},"end":{"line":10,"column":49}},"3":{"start":{"line":11,"column":8},"end":{"line":11,"column":51}},"4":{"start":{"line":12,"column":8},"end":{"line":12,"column":19}},"5":{"start":{"line":15,"column":20},"end":{"line":15,"column":22}},"6":{"start":{"line":16,"column":8},"end":{"line":16,"column":51}},"7":{"start":{"line":17,"column":8},"end":{"line":17,"column":49}},"8":{"start":{"line":18,"column":8},"end":{"line":18,"column":19}}},"fnMap":{"0":{"name":"(anonymous_0)","decl":{"start":{"line":8,"column":16},"end":{"line":8,"column":17}},"loc":{"start":{"line":8,"column":20},"end":{"line":13,"column":5}},"line":8},"1":{"name":"(anonymous_1)","decl":{"start":{"line":14,"column":18},"end":{"line":14,"column":19}},"loc":{"start":{"line":14,"column":22},"end":{"line":19,"column":5}},"line":14}},"branchMap":{},"s":{"0":2,"1":7,"2":7,"3":7,"4":7,"5":7,"6":7,"7":7,"8":7},"f":{"0":7,"1":7},"b":{},"_coverageSchema":"1a1c01bbd47fc00a2c39e90264f33305004495a9","hash":"0f8130c5a47fa614d7735673e697189fb162c371"}
,"F:\\Course Relevel\\CRM Application\\utils\\constants.js": {"path":"F:\\Course Relevel\\CRM Application\\utils\\constants.js","statementMap":{"0":{"start":{"line":1,"column":0},"end":{"line":18,"column":1}}},"fnMap":{},"branchMap":{},"s":{"0":1},"f":{},"b":{},"_coverageSchema":"1a1c01bbd47fc00a2c39e90264f33305004495a9","hash":"97f647a327c91848d558c92e28942a53c9b137b2"}
,"F:\\Course Relevel\\CRM Application\\utils\\notificationClient.js": {"path":"F:\\Course Relevel\\CRM Application\\utils\\notificationClient.js","statementMap":{"0":{"start":{"line":1,"column":13},"end":{"line":1,"column":47}},"1":{"start":{"line":3,"column":13},"end":{"line":3,"column":25}},"2":{"start":{"line":4,"column":0},"end":{"line":4,"column":24}},"3":{"start":{"line":6,"column":0},"end":{"line":25,"column":1}},"4":{"start":{"line":7,"column":17},"end":{"line":13,"column":5}},"5":{"start":{"line":15,"column":15},"end":{"line":18,"column":5}},"6":{"start":{"line":21,"column":4},"end":{"line":24,"column":6}},"7":{"start":{"line":22,"column":8},"end":{"line":22,"column":36}},"8":{"start":{"line":23,"column":8},"end":{"line":23,"column":25}}},"fnMap":{"0":{"name":"(anonymous_0)","decl":{"start":{"line":6,"column":20},"end":{"line":6,"column":21}},"loc":{"start":{"line":6,"column":67},"end":{"line":25,"column":1}},"line":6},"1":{"name":"(anonymous_1)","decl":{"start":{"line":21,"column":76},"end":{"line":21,"column":77}},"loc":{"start":{"line":21,"column":99},"end":{"line":24,"column":5}},"line":21}},"branchMap":{},"s":{"0":1,"1":1,"2":1,"3":1,"4":1,"5":1,"6":1,"7":1,"8":1},"f":{"0":1,"1":1},"b":{},"_coverageSchema":"1a1c01bbd47fc00a2c39e90264f33305004495a9","hash":"b4fb32b67754cae969e88e2ffde77b5957c0ac2a"}
,"F:\\Course Relevel\\CRM Application\\utils\\objectConverter.js": {"path":"F:\\Course Relevel\\CRM Application\\utils\\objectConverter.js","statementMap":{"0":{"start":{"line":1,"column":0},"end":{"line":15,"column":1}},"1":{"start":{"line":2,"column":4},"end":{"line":2,"column":19}},"2":{"start":{"line":3,"column":4},"end":{"line":11,"column":7}},"3":{"start":{"line":4,"column":8},"end":{"line":10,"column":11}},"4":{"start":{"line":14,"column":4},"end":{"line":14,"column":22}},"5":{"start":{"line":17,"column":0},"end":{"line":29,"column":1}},"6":{"start":{"line":18,"column":4},"end":{"line":28,"column":5}},"7":{"start":{"line":32,"column":0},"end":{"line":49,"column":1}},"8":{"start":{"line":33,"column":4},"end":{"line":33,"column":22}},"9":{"start":{"line":34,"column":4},"end":{"line":46,"column":6}},"10":{"start":{"line":35,"column":8},"end":{"line":45,"column":10}},"11":{"start":{"line":48,"column":4},"end":{"line":48,"column":24}}},"fnMap":{"0":{"name":"(anonymous_0)","decl":{"start":{"line":1,"column":23},"end":{"line":1,"column":24}},"loc":{"start":{"line":1,"column":32},"end":{"line":15,"column":1}},"line":1},"1":{"name":"(anonymous_1)","decl":{"start":{"line":3,"column":18},"end":{"line":3,"column":19}},"loc":{"start":{"line":3,"column":26},"end":{"line":11,"column":5}},"line":3},"2":{"name":"(anonymous_2)","decl":{"start":{"line":17,"column":25},"end":{"line":17,"column":26}},"loc":{"start":{"line":17,"column":35},"end":{"line":29,"column":1}},"line":17},"3":{"name":"(anonymous_3)","decl":{"start":{"line":32,"column":29},"end":{"line":32,"column":30}},"loc":{"start":{"line":32,"column":40},"end":{"line":49,"column":1}},"line":32},"4":{"name":"(anonymous_4)","decl":{"start":{"line":34,"column":20},"end":{"line":34,"column":21}},"loc":{"start":{"line":34,"column":28},"end":{"line":46,"column":5}},"line":34}},"branchMap":{},"s":{"0":2,"1":2,"2":2,"3":2,"4":2,"5":2,"6":1,"7":2,"8":0,"9":0,"10":0,"11":0},"f":{"0":2,"1":2,"2":1,"3":0,"4":0},"b":{},"_coverageSchema":"1a1c01bbd47fc00a2c39e90264f33305004495a9","hash":"f342f974bbe2326b67d09bb3dd013b312b84a02a"}
}
