TN:
SF:controllers\ticket.controller.js
FN:11,(anonymous_0)
FN:75,(anonymous_1)
FN:129,(anonymous_2)
FN:161,(anonymous_3)
FNF:4
FNH:1
FNDA:1,(anonymous_0)
FNDA:0,(anonymous_1)
FNDA:0,(anonymous_2)
FNDA:0,(anonymous_3)
DA:1,1
DA:2,1
DA:3,1
DA:4,1
DA:5,1
DA:11,1
DA:13,1
DA:25,1
DA:31,1
DA:33,1
DA:34,1
DA:36,1
DA:38,1
DA:42,1
DA:43,1
DA:45,1
DA:46,1
DA:52,1
DA:54,1
DA:57,0
DA:58,0
DA:75,1
DA:78,0
DA:79,0
DA:80,0
DA:81,0
DA:84,0
DA:87,0
DA:88,0
DA:91,0
DA:93,0
DA:96,0
DA:97,0
DA:100,0
DA:104,0
DA:105,0
DA:107,0
DA:113,0
DA:117,0
DA:120,0
DA:122,0
DA:123,0
DA:129,1
DA:138,0
DA:140,0
DA:141,0
DA:144,0
DA:148,0
DA:150,0
DA:151,0
DA:153,0
DA:156,0
DA:158,0
DA:161,1
DA:163,0
DA:167,0
LF:56
LH:22
BRDA:36,0,0,1
BRDA:36,0,1,0
BRDA:80,1,0,0
BRDA:80,1,1,0
BRDA:97,2,0,0
BRDA:97,2,1,0
BRDA:97,3,0,0
BRDA:97,3,1,0
BRDA:97,3,2,0
BRDA:100,4,0,0
BRDA:100,4,1,0
BRDA:101,5,0,0
BRDA:101,5,1,0
BRDA:102,6,0,0
BRDA:102,6,1,0
BRDA:103,7,0,0
BRDA:103,7,1,0
BRDA:104,8,0,0
BRDA:104,8,1,0
BRDA:140,9,0,0
BRDA:140,9,1,0
BRDA:148,10,0,0
BRDA:148,10,1,0
BRDA:150,11,0,0
BRDA:150,11,1,0
BRF:25
BRH:1
end_of_record
TN:
SF:controllers\user.controller.js
FN:5,(anonymous_0)
FN:78,(anonymous_1)
FN:94,(anonymous_2)
FNF:3
FNH:3
FNDA:2,(anonymous_0)
FNDA:2,(anonymous_1)
FNDA:2,(anonymous_2)
DA:1,1
DA:2,1
DA:5,1
DA:6,2
DA:7,2
DA:8,2
DA:13,2
DA:14,0
DA:15,0
DA:19,0
DA:20,0
DA:24,2
DA:25,0
DA:26,0
DA:31,0
DA:32,0
DA:37,2
DA:38,0
DA:39,0
DA:43,0
DA:44,0
DA:49,2
DA:50,0
DA:51,0
DA:55,0
DA:56,0
DA:62,2
DA:63,2
DA:65,1
DA:66,1
DA:69,1
DA:73,1
DA:78,1
DA:79,2
DA:81,2
DA:84,2
DA:85,1
DA:87,1
DA:94,1
DA:96,2
DA:98,2
DA:99,2
DA:108,1
DA:112,1
DA:113,1
LF:45
LH:29
BRDA:13,0,0,0
BRDA:13,0,1,2
BRDA:24,1,0,0
BRDA:24,1,1,2
BRDA:24,2,0,2
BRDA:24,2,1,0
BRDA:37,3,0,0
BRDA:37,3,1,2
BRDA:49,4,0,0
BRDA:49,4,1,2
BRDA:84,5,0,1
BRDA:84,5,1,1
BRF:12
BRH:7
end_of_record
TN:
SF:models\ticket.model.js
FN:31,(anonymous_0)
FN:37,(anonymous_1)
FNF:2
FNH:2
FNDA:1,(anonymous_0)
FNDA:1,(anonymous_1)
DA:1,1
DA:3,1
DA:32,1
DA:38,1
DA:44,1
LF:5
LH:5
BRF:0
BRH:0
end_of_record
TN:
SF:models\user.model.js
FN:27,(anonymous_0)
FN:33,(anonymous_1)
FNF:2
FNH:0
FNDA:0,(anonymous_0)
FNDA:0,(anonymous_1)
DA:1,2
DA:3,2
DA:28,0
DA:34,0
DA:58,2
LF:5
LH:3
BRF:0
BRH:0
end_of_record
TN:
SF:tests\db.js
FN:8,(anonymous_0)
FN:20,(anonymous_1)
FN:29,(anonymous_2)
FNF:3
FNH:3
FNDA:1,(anonymous_0)
FNDA:1,(anonymous_1)
FNDA:1,(anonymous_2)
DA:1,1
DA:2,1
DA:8,1
DA:9,1
DA:10,1
DA:11,1
DA:12,1
DA:16,1
DA:20,1
DA:21,1
DA:22,1
DA:23,1
DA:24,1
DA:29,1
DA:30,1
DA:31,1
DA:32,2
DA:33,2
LF:18
LH:18
BRDA:9,0,0,1
BRDA:9,0,1,0
BRDA:23,1,0,1
BRDA:23,1,1,0
BRF:4
BRH:2
end_of_record
TN:
SF:tests\intercepter.js
FN:8,(anonymous_0)
FN:14,(anonymous_1)
FNF:2
FNH:2
FNDA:7,(anonymous_0)
FNDA:7,(anonymous_1)
DA:7,2
DA:9,7
DA:10,7
DA:11,7
DA:12,7
DA:15,7
DA:16,7
DA:17,7
DA:18,7
LF:9
LH:9
BRF:0
BRH:0
end_of_record
TN:
SF:utils\constants.js
FNF:0
FNH:0
DA:1,1
LF:1
LH:1
BRF:0
BRH:0
end_of_record
TN:
SF:utils\notificationClient.js
FN:6,(anonymous_0)
FN:21,(anonymous_1)
FNF:2
FNH:2
FNDA:1,(anonymous_0)
FNDA:1,(anonymous_1)
DA:1,1
DA:3,1
DA:4,1
DA:6,1
DA:7,1
DA:15,1
DA:21,1
DA:22,1
DA:23,1
LF:9
LH:9
BRF:0
BRH:0
end_of_record
TN:
SF:utils\objectConverter.js
FN:1,(anonymous_0)
FN:3,(anonymous_1)
FN:17,(anonymous_2)
FN:32,(anonymous_3)
FN:34,(anonymous_4)
FNF:5
FNH:3
FNDA:2,(anonymous_0)
FNDA:2,(anonymous_1)
FNDA:1,(anonymous_2)
FNDA:0,(anonymous_3)
FNDA:0,(anonymous_4)
DA:1,2
DA:2,2
DA:3,2
DA:4,2
DA:14,2
DA:17,2
DA:18,1
DA:32,2
DA:33,0
DA:34,0
DA:35,0
DA:48,0
LF:12
LH:8
BRF:0
BRH:0
end_of_record
